2025-09-08 16:26:46 - metadata_multitool - INFO - Starting clean_sequential
2025-09-08 16:26:46 - metadata_multitool - INFO - Completed clean_sequential - SUCCESS
2025-09-08 16:28:03 - metadata_multitool - INFO - Starting clean_sequential
2025-09-08 16:28:03 - metadata_multitool - INFO - Completed clean_sequential - SUCCESS
2025-09-08 16:28:25 - metadata_multitool - INFO - Starting clean_sequential
2025-09-08 16:28:25 - metadata_multitool - INFO - Completed clean_sequential - SUCCESS
2025-09-08 16:28:27 - metadata_multitool - INFO - Starting clean_sequential
2025-09-08 16:28:27 - metadata_multitool - INFO - Completed clean_sequential - SUCCESS
2025-09-08 16:28:28 - metadata_multitool - INFO - Starting clean_sequential
2025-09-08 16:28:28 - metadata_multitool - INFO - Completed clean_sequential - SUCCESS
2025-09-09 12:09:44 - metadata_multitool - INFO - Starting clean_sequential
2025-09-09 12:09:44 - metadata_multitool - INFO - Completed clean_sequential - SUCCESS
2025-09-09 12:09:46 - metadata_multitool - INFO - Starting clean_sequential
2025-09-09 12:09:46 - metadata_multitool - INFO - Completed clean_sequential - SUCCESS
2025-09-09 12:09:47 - metadata_multitool - INFO - Starting clean_sequential
2025-09-09 12:09:47 - metadata_multitool - INFO - Completed clean_sequential - SUCCESS
2025-09-09 12:10:22 - metadata_multitool - INFO - Starting clean_sequential
2025-09-09 12:10:22 - metadata_multitool - INFO - Completed clean_sequential - SUCCESS
2025-09-09 12:10:24 - metadata_multitool - INFO - Starting clean_sequential
2025-09-09 12:10:24 - metadata_multitool - INFO - Completed clean_sequential - SUCCESS
2025-09-09 12:10:24 - metadata_multitool - INFO - Starting clean_sequential
2025-09-09 12:10:24 - metadata_multitool - INFO - Completed clean_sequential - SUCCESS
2025-09-09 12:20:27 - metadata_multitool - INFO - Starting clean_sequential
2025-09-09 12:20:27 - metadata_multitool - INFO - Completed clean_sequential - SUCCESS
2025-09-09 12:20:29 - metadata_multitool - INFO - Starting clean_sequential
2025-09-09 12:20:29 - metadata_multitool - INFO - Completed clean_sequential - SUCCESS
2025-09-09 12:20:30 - metadata_multitool - INFO - Starting clean_sequential
2025-09-09 12:20:30 - metadata_multitool - INFO - Completed clean_sequential - SUCCESS
2025-09-09 12:23:26 - metadata_multitool - INFO - Dry run completed for 4 images
2025-09-09 13:18:53 - metadata_multitool - INFO - Starting clean_sequential
2025-09-09 13:18:53 - metadata_multitool - WARNING - File clean: test1.jpg - FAILED
2025-09-09 13:18:53 - metadata_multitool - WARNING - File clean: test2.png - FAILED
2025-09-09 13:18:53 - metadata_multitool - INFO - Completed clean_sequential - FAILED
2025-09-09 14:05:53 - metadata_multitool - INFO - Starting clean_sequential
2025-09-09 14:05:53 - metadata_multitool - INFO - Completed clean_sequential - SUCCESS
2025-09-09 14:05:55 - metadata_multitool - INFO - Starting clean_sequential
2025-09-09 14:05:55 - metadata_multitool - INFO - Completed clean_sequential - SUCCESS
2025-09-09 14:05:56 - metadata_multitool - INFO - Starting clean_sequential
2025-09-09 14:05:56 - metadata_multitool - INFO - Completed clean_sequential - SUCCESS
2025-09-09 14:06:11 - metadata_multitool - INFO - Dry run completed for 4 images
